2021-08-17T09:24:21+0000 INFO --- logging initialized ---
2021-08-17T09:24:21+0000 DDEBUG timer: config: 207 ms
2021-08-17T09:24:21+0000 DEBUG YUM version: 4.4.2
2021-08-17T09:24:21+0000 DDEBUG Command: yum --installroot=/root/data install llvm-toolset-7.0-clang.x86_64 llvm-toolset-7.0-llvm-libs.x86_64 
2021-08-17T09:24:21+0000 DDEBUG Installroot: /root/data
2021-08-17T09:24:21+0000 DDEBUG Releasever: None
2021-08-17T09:24:21+0000 DEBUG cachedir: /root/data/var/cache/dnf
2021-08-17T09:24:21+0000 DDEBUG Base command: install
2021-08-17T09:24:21+0000 DDEBUG Extra commands: ['--installroot=/root/data', 'install', 'llvm-toolset-7.0-clang.x86_64', 'llvm-toolset-7.0-llvm-libs.x86_64']
2021-08-17T09:24:21+0000 DEBUG User-Agent: constructed: 'libdnf (Rocky Linux 8.4; generic; Linux.x86_64)'
2021-08-17T09:24:21+0000 DEBUG repo: downloading from remote: appstream
2021-08-17T09:24:22+0000 DEBUG error: Status code: 404 for https://mirrors.rockylinux.org/mirrorlist?arch=x86_64&repo=AppStream-$releasever (IP: 151.101.74.132) (https://mirrors.rockylinux.org/mirrorlist?arch=x86_64&repo=AppStream-$releasever).
2021-08-17T09:24:22+0000 DEBUG error: Status code: 404 for https://mirrors.rockylinux.org/mirrorlist?arch=x86_64&repo=AppStream-$releasever (IP: 151.101.74.132) (https://mirrors.rockylinux.org/mirrorlist?arch=x86_64&repo=AppStream-$releasever).
2021-08-17T09:24:22+0000 DEBUG error: Status code: 404 for https://mirrors.rockylinux.org/mirrorlist?arch=x86_64&repo=AppStream-$releasever (IP: 151.101.74.132) (https://mirrors.rockylinux.org/mirrorlist?arch=x86_64&repo=AppStream-$releasever).
2021-08-17T09:24:23+0000 DEBUG error: Status code: 404 for https://mirrors.rockylinux.org/mirrorlist?arch=x86_64&repo=AppStream-$releasever (IP: 151.101.74.132) (https://mirrors.rockylinux.org/mirrorlist?arch=x86_64&repo=AppStream-$releasever).
2021-08-17T09:24:23+0000 DEBUG error: Status code: 404 for https://mirrors.rockylinux.org/mirrorlist?arch=x86_64&repo=AppStream-$releasever (IP: 151.101.74.132) (https://mirrors.rockylinux.org/mirrorlist?arch=x86_64&repo=AppStream-$releasever).
2021-08-17T09:24:23+0000 DEBUG error: Status code: 404 for https://mirrors.rockylinux.org/mirrorlist?arch=x86_64&repo=AppStream-$releasever (IP: 151.101.74.132) (https://mirrors.rockylinux.org/mirrorlist?arch=x86_64&repo=AppStream-$releasever).
2021-08-17T09:24:24+0000 DEBUG error: Status code: 404 for https://mirrors.rockylinux.org/mirrorlist?arch=x86_64&repo=AppStream-$releasever (IP: 151.101.74.132) (https://mirrors.rockylinux.org/mirrorlist?arch=x86_64&repo=AppStream-$releasever).
2021-08-17T09:24:24+0000 DEBUG error: Status code: 404 for https://mirrors.rockylinux.org/mirrorlist?arch=x86_64&repo=AppStream-$releasever (IP: 151.101.74.132) (https://mirrors.rockylinux.org/mirrorlist?arch=x86_64&repo=AppStream-$releasever).
2021-08-17T09:24:24+0000 DEBUG error: Status code: 404 for https://mirrors.rockylinux.org/mirrorlist?arch=x86_64&repo=AppStream-$releasever (IP: 151.101.74.132) (https://mirrors.rockylinux.org/mirrorlist?arch=x86_64&repo=AppStream-$releasever).
2021-08-17T09:24:25+0000 DEBUG error: Status code: 404 for https://mirrors.rockylinux.org/mirrorlist?arch=x86_64&repo=AppStream-$releasever (IP: 151.101.74.132) (https://mirrors.rockylinux.org/mirrorlist?arch=x86_64&repo=AppStream-$releasever).
2021-08-17T09:24:25+0000 DEBUG error: Status code: 404 for https://mirrors.rockylinux.org/mirrorlist?arch=x86_64&repo=AppStream-$releasever (IP: 151.101.74.132) (https://mirrors.rockylinux.org/mirrorlist?arch=x86_64&repo=AppStream-$releasever).
2021-08-17T09:24:25+0000 DEBUG error: Status code: 404 for https://mirrors.rockylinux.org/mirrorlist?arch=x86_64&repo=AppStream-$releasever (IP: 151.101.74.132) (https://mirrors.rockylinux.org/mirrorlist?arch=x86_64&repo=AppStream-$releasever).
2021-08-17T09:24:25+0000 WARNING Errors during downloading metadata for repository 'appstream':
  - Status code: 404 for https://mirrors.rockylinux.org/mirrorlist?arch=x86_64&repo=AppStream-$releasever (IP: 151.101.74.132)
2021-08-17T09:24:25+0000 DDEBUG Cleaning up.
2021-08-17T09:24:25+0000 SUBDEBUG 
Traceback (most recent call last):
  File "/usr/lib/python3.6/site-packages/dnf/repo.py", line 574, in load
    ret = self._repo.load()
  File "/usr/lib64/python3.6/site-packages/libdnf/repo.py", line 397, in load
    return _repo.Repo_load(self)
libdnf._error.Error: Failed to download metadata for repo 'appstream': Cannot prepare internal mirrorlist: Status code: 404 for https://mirrors.rockylinux.org/mirrorlist?arch=x86_64&repo=AppStream-$releasever (IP: 151.101.74.132)

During handling of the above exception, another exception occurred:

Traceback (most recent call last):
  File "/usr/lib/python3.6/site-packages/dnf/cli/main.py", line 67, in main
    return _main(base, args, cli_class, option_parser_class)
  File "/usr/lib/python3.6/site-packages/dnf/cli/main.py", line 106, in _main
    return cli_run(cli, base)
  File "/usr/lib/python3.6/site-packages/dnf/cli/main.py", line 122, in cli_run
    cli.run()
  File "/usr/lib/python3.6/site-packages/dnf/cli/cli.py", line 1050, in run
    self._process_demands()
  File "/usr/lib/python3.6/site-packages/dnf/cli/cli.py", line 740, in _process_demands
    load_available_repos=self.demands.available_repos)
  File "/usr/lib/python3.6/site-packages/dnf/base.py", line 394, in fill_sack
    self._add_repo_to_sack(r)
  File "/usr/lib/python3.6/site-packages/dnf/base.py", line 137, in _add_repo_to_sack
    repo.load()
  File "/usr/lib/python3.6/site-packages/dnf/repo.py", line 581, in load
    raise dnf.exceptions.RepoError(str(e))
dnf.exceptions.RepoError: Failed to download metadata for repo 'appstream': Cannot prepare internal mirrorlist: Status code: 404 for https://mirrors.rockylinux.org/mirrorlist?arch=x86_64&repo=AppStream-$releasever (IP: 151.101.74.132)
2021-08-17T09:24:25+0000 CRITICAL Error: Failed to download metadata for repo 'appstream': Cannot prepare internal mirrorlist: Status code: 404 for https://mirrors.rockylinux.org/mirrorlist?arch=x86_64&repo=AppStream-$releasever (IP: 151.101.74.132)
2021-08-17T09:25:57+0000 INFO --- logging initialized ---
2021-08-17T09:25:57+0000 DDEBUG timer: config: 40 ms
2021-08-17T09:25:57+0000 DEBUG YUM version: 4.4.2
2021-08-17T09:25:57+0000 DDEBUG Command: yum --installroot=/root/data install llvm-toolset-7.0-clang.x86_64 llvm-toolset-7.0-llvm-libs.x86_64 
2021-08-17T09:25:57+0000 DDEBUG Installroot: /root/data
2021-08-17T09:25:57+0000 DDEBUG Releasever: None
2021-08-17T09:25:57+0000 DEBUG cachedir: /root/data/var/cache/dnf
2021-08-17T09:25:57+0000 DDEBUG Base command: install
2021-08-17T09:25:57+0000 DDEBUG Extra commands: ['--installroot=/root/data', 'install', 'llvm-toolset-7.0-clang.x86_64', 'llvm-toolset-7.0-llvm-libs.x86_64']
2021-08-17T09:25:58+0000 DEBUG User-Agent: constructed: 'libdnf (Rocky Linux 8.4; generic; Linux.x86_64)'
2021-08-17T09:25:58+0000 DEBUG repo: downloading from remote: appstream
2021-08-17T09:25:58+0000 DEBUG error: Status code: 404 for https://mirrors.rockylinux.org/mirrorlist?arch=x86_64&repo=AppStream-$releasever (IP: 151.101.110.132) (https://mirrors.rockylinux.org/mirrorlist?arch=x86_64&repo=AppStream-$releasever).
2021-08-17T09:25:59+0000 DEBUG error: Status code: 404 for https://mirrors.rockylinux.org/mirrorlist?arch=x86_64&repo=AppStream-$releasever (IP: 151.101.110.132) (https://mirrors.rockylinux.org/mirrorlist?arch=x86_64&repo=AppStream-$releasever).
2021-08-17T09:25:59+0000 DEBUG error: Status code: 404 for https://mirrors.rockylinux.org/mirrorlist?arch=x86_64&repo=AppStream-$releasever (IP: 151.101.110.132) (https://mirrors.rockylinux.org/mirrorlist?arch=x86_64&repo=AppStream-$releasever).
2021-08-17T09:25:59+0000 DEBUG error: Status code: 404 for https://mirrors.rockylinux.org/mirrorlist?arch=x86_64&repo=AppStream-$releasever (IP: 151.101.110.132) (https://mirrors.rockylinux.org/mirrorlist?arch=x86_64&repo=AppStream-$releasever).
2021-08-17T09:26:00+0000 DEBUG error: Status code: 404 for https://mirrors.rockylinux.org/mirrorlist?arch=x86_64&repo=AppStream-$releasever (IP: 151.101.110.132) (https://mirrors.rockylinux.org/mirrorlist?arch=x86_64&repo=AppStream-$releasever).
2021-08-17T09:26:00+0000 DEBUG error: Status code: 404 for https://mirrors.rockylinux.org/mirrorlist?arch=x86_64&repo=AppStream-$releasever (IP: 151.101.110.132) (https://mirrors.rockylinux.org/mirrorlist?arch=x86_64&repo=AppStream-$releasever).
2021-08-17T09:26:00+0000 DEBUG error: Status code: 404 for https://mirrors.rockylinux.org/mirrorlist?arch=x86_64&repo=AppStream-$releasever (IP: 151.101.110.132) (https://mirrors.rockylinux.org/mirrorlist?arch=x86_64&repo=AppStream-$releasever).
2021-08-17T09:26:00+0000 DEBUG error: Status code: 404 for https://mirrors.rockylinux.org/mirrorlist?arch=x86_64&repo=AppStream-$releasever (IP: 151.101.110.132) (https://mirrors.rockylinux.org/mirrorlist?arch=x86_64&repo=AppStream-$releasever).
2021-08-17T09:26:01+0000 DEBUG error: Status code: 404 for https://mirrors.rockylinux.org/mirrorlist?arch=x86_64&repo=AppStream-$releasever (IP: 151.101.110.132) (https://mirrors.rockylinux.org/mirrorlist?arch=x86_64&repo=AppStream-$releasever).
2021-08-17T09:26:01+0000 DEBUG error: Status code: 404 for https://mirrors.rockylinux.org/mirrorlist?arch=x86_64&repo=AppStream-$releasever (IP: 151.101.110.132) (https://mirrors.rockylinux.org/mirrorlist?arch=x86_64&repo=AppStream-$releasever).
2021-08-17T09:26:01+0000 DEBUG error: Status code: 404 for https://mirrors.rockylinux.org/mirrorlist?arch=x86_64&repo=AppStream-$releasever (IP: 151.101.110.132) (https://mirrors.rockylinux.org/mirrorlist?arch=x86_64&repo=AppStream-$releasever).
2021-08-17T09:26:02+0000 DEBUG error: Status code: 404 for https://mirrors.rockylinux.org/mirrorlist?arch=x86_64&repo=AppStream-$releasever (IP: 151.101.110.132) (https://mirrors.rockylinux.org/mirrorlist?arch=x86_64&repo=AppStream-$releasever).
2021-08-17T09:26:02+0000 WARNING Errors during downloading metadata for repository 'appstream':
  - Status code: 404 for https://mirrors.rockylinux.org/mirrorlist?arch=x86_64&repo=AppStream-$releasever (IP: 151.101.110.132)
2021-08-17T09:26:02+0000 DDEBUG Cleaning up.
2021-08-17T09:26:02+0000 SUBDEBUG 
Traceback (most recent call last):
  File "/usr/lib/python3.6/site-packages/dnf/repo.py", line 574, in load
    ret = self._repo.load()
  File "/usr/lib64/python3.6/site-packages/libdnf/repo.py", line 397, in load
    return _repo.Repo_load(self)
libdnf._error.Error: Failed to download metadata for repo 'appstream': Cannot prepare internal mirrorlist: Status code: 404 for https://mirrors.rockylinux.org/mirrorlist?arch=x86_64&repo=AppStream-$releasever (IP: 151.101.110.132)

During handling of the above exception, another exception occurred:

Traceback (most recent call last):
  File "/usr/lib/python3.6/site-packages/dnf/cli/main.py", line 67, in main
    return _main(base, args, cli_class, option_parser_class)
  File "/usr/lib/python3.6/site-packages/dnf/cli/main.py", line 106, in _main
    return cli_run(cli, base)
  File "/usr/lib/python3.6/site-packages/dnf/cli/main.py", line 122, in cli_run
    cli.run()
  File "/usr/lib/python3.6/site-packages/dnf/cli/cli.py", line 1050, in run
    self._process_demands()
  File "/usr/lib/python3.6/site-packages/dnf/cli/cli.py", line 740, in _process_demands
    load_available_repos=self.demands.available_repos)
  File "/usr/lib/python3.6/site-packages/dnf/base.py", line 394, in fill_sack
    self._add_repo_to_sack(r)
  File "/usr/lib/python3.6/site-packages/dnf/base.py", line 137, in _add_repo_to_sack
    repo.load()
  File "/usr/lib/python3.6/site-packages/dnf/repo.py", line 581, in load
    raise dnf.exceptions.RepoError(str(e))
dnf.exceptions.RepoError: Failed to download metadata for repo 'appstream': Cannot prepare internal mirrorlist: Status code: 404 for https://mirrors.rockylinux.org/mirrorlist?arch=x86_64&repo=AppStream-$releasever (IP: 151.101.110.132)
2021-08-17T09:26:02+0000 CRITICAL Error: Failed to download metadata for repo 'appstream': Cannot prepare internal mirrorlist: Status code: 404 for https://mirrors.rockylinux.org/mirrorlist?arch=x86_64&repo=AppStream-$releasever (IP: 151.101.110.132)
2021-08-17T09:27:53+0000 INFO --- logging initialized ---
2021-08-17T09:27:53+0000 DDEBUG timer: config: 43 ms
2021-08-17T09:27:53+0000 DEBUG YUM version: 4.4.2
2021-08-17T09:27:53+0000 DDEBUG Command: yum --installroot=/root/data install llvm-libs.x86_64 llvm-toolset.x86_64 
2021-08-17T09:27:53+0000 DDEBUG Installroot: /root/data
2021-08-17T09:27:53+0000 DDEBUG Releasever: None
2021-08-17T09:27:53+0000 DEBUG cachedir: /root/data/var/cache/dnf
2021-08-17T09:27:53+0000 DDEBUG Base command: install
2021-08-17T09:27:53+0000 DDEBUG Extra commands: ['--installroot=/root/data', 'install', 'llvm-libs.x86_64', 'llvm-toolset.x86_64']
2021-08-17T09:27:53+0000 DEBUG User-Agent: constructed: 'libdnf (Rocky Linux 8.4; generic; Linux.x86_64)'
2021-08-17T09:27:53+0000 DEBUG repo: downloading from remote: appstream
2021-08-17T09:27:54+0000 DEBUG error: Status code: 404 for https://mirrors.rockylinux.org/mirrorlist?arch=x86_64&repo=AppStream-$releasever (IP: 151.101.230.132) (https://mirrors.rockylinux.org/mirrorlist?arch=x86_64&repo=AppStream-$releasever).
2021-08-17T09:27:54+0000 DEBUG error: Status code: 404 for https://mirrors.rockylinux.org/mirrorlist?arch=x86_64&repo=AppStream-$releasever (IP: 151.101.230.132) (https://mirrors.rockylinux.org/mirrorlist?arch=x86_64&repo=AppStream-$releasever).
2021-08-17T09:27:54+0000 DEBUG error: Status code: 404 for https://mirrors.rockylinux.org/mirrorlist?arch=x86_64&repo=AppStream-$releasever (IP: 151.101.230.132) (https://mirrors.rockylinux.org/mirrorlist?arch=x86_64&repo=AppStream-$releasever).
2021-08-17T09:27:55+0000 DEBUG error: Status code: 404 for https://mirrors.rockylinux.org/mirrorlist?arch=x86_64&repo=AppStream-$releasever (IP: 151.101.230.132) (https://mirrors.rockylinux.org/mirrorlist?arch=x86_64&repo=AppStream-$releasever).
2021-08-17T09:27:55+0000 DEBUG error: Status code: 404 for https://mirrors.rockylinux.org/mirrorlist?arch=x86_64&repo=AppStream-$releasever (IP: 151.101.230.132) (https://mirrors.rockylinux.org/mirrorlist?arch=x86_64&repo=AppStream-$releasever).
2021-08-17T09:27:55+0000 DEBUG error: Status code: 404 for https://mirrors.rockylinux.org/mirrorlist?arch=x86_64&repo=AppStream-$releasever (IP: 151.101.230.132) (https://mirrors.rockylinux.org/mirrorlist?arch=x86_64&repo=AppStream-$releasever).
2021-08-17T09:27:56+0000 DEBUG error: Status code: 404 for https://mirrors.rockylinux.org/mirrorlist?arch=x86_64&repo=AppStream-$releasever (IP: 151.101.230.132) (https://mirrors.rockylinux.org/mirrorlist?arch=x86_64&repo=AppStream-$releasever).
2021-08-17T09:27:56+0000 DEBUG error: Status code: 404 for https://mirrors.rockylinux.org/mirrorlist?arch=x86_64&repo=AppStream-$releasever (IP: 151.101.230.132) (https://mirrors.rockylinux.org/mirrorlist?arch=x86_64&repo=AppStream-$releasever).
2021-08-17T09:27:56+0000 DEBUG error: Status code: 404 for https://mirrors.rockylinux.org/mirrorlist?arch=x86_64&repo=AppStream-$releasever (IP: 151.101.230.132) (https://mirrors.rockylinux.org/mirrorlist?arch=x86_64&repo=AppStream-$releasever).
2021-08-17T09:27:56+0000 DEBUG error: Status code: 404 for https://mirrors.rockylinux.org/mirrorlist?arch=x86_64&repo=AppStream-$releasever (IP: 151.101.230.132) (https://mirrors.rockylinux.org/mirrorlist?arch=x86_64&repo=AppStream-$releasever).
2021-08-17T09:27:57+0000 DEBUG error: Status code: 404 for https://mirrors.rockylinux.org/mirrorlist?arch=x86_64&repo=AppStream-$releasever (IP: 151.101.230.132) (https://mirrors.rockylinux.org/mirrorlist?arch=x86_64&repo=AppStream-$releasever).
2021-08-17T09:27:57+0000 DEBUG error: Status code: 404 for https://mirrors.rockylinux.org/mirrorlist?arch=x86_64&repo=AppStream-$releasever (IP: 151.101.230.132) (https://mirrors.rockylinux.org/mirrorlist?arch=x86_64&repo=AppStream-$releasever).
2021-08-17T09:27:57+0000 WARNING Errors during downloading metadata for repository 'appstream':
  - Status code: 404 for https://mirrors.rockylinux.org/mirrorlist?arch=x86_64&repo=AppStream-$releasever (IP: 151.101.230.132)
2021-08-17T09:27:57+0000 DDEBUG Cleaning up.
2021-08-17T09:27:57+0000 SUBDEBUG 
Traceback (most recent call last):
  File "/usr/lib/python3.6/site-packages/dnf/repo.py", line 574, in load
    ret = self._repo.load()
  File "/usr/lib64/python3.6/site-packages/libdnf/repo.py", line 397, in load
    return _repo.Repo_load(self)
libdnf._error.Error: Failed to download metadata for repo 'appstream': Cannot prepare internal mirrorlist: Status code: 404 for https://mirrors.rockylinux.org/mirrorlist?arch=x86_64&repo=AppStream-$releasever (IP: 151.101.230.132)

During handling of the above exception, another exception occurred:

Traceback (most recent call last):
  File "/usr/lib/python3.6/site-packages/dnf/cli/main.py", line 67, in main
    return _main(base, args, cli_class, option_parser_class)
  File "/usr/lib/python3.6/site-packages/dnf/cli/main.py", line 106, in _main
    return cli_run(cli, base)
  File "/usr/lib/python3.6/site-packages/dnf/cli/main.py", line 122, in cli_run
    cli.run()
  File "/usr/lib/python3.6/site-packages/dnf/cli/cli.py", line 1050, in run
    self._process_demands()
  File "/usr/lib/python3.6/site-packages/dnf/cli/cli.py", line 740, in _process_demands
    load_available_repos=self.demands.available_repos)
  File "/usr/lib/python3.6/site-packages/dnf/base.py", line 394, in fill_sack
    self._add_repo_to_sack(r)
  File "/usr/lib/python3.6/site-packages/dnf/base.py", line 137, in _add_repo_to_sack
    repo.load()
  File "/usr/lib/python3.6/site-packages/dnf/repo.py", line 581, in load
    raise dnf.exceptions.RepoError(str(e))
dnf.exceptions.RepoError: Failed to download metadata for repo 'appstream': Cannot prepare internal mirrorlist: Status code: 404 for https://mirrors.rockylinux.org/mirrorlist?arch=x86_64&repo=AppStream-$releasever (IP: 151.101.230.132)
2021-08-17T09:27:57+0000 CRITICAL Error: Failed to download metadata for repo 'appstream': Cannot prepare internal mirrorlist: Status code: 404 for https://mirrors.rockylinux.org/mirrorlist?arch=x86_64&repo=AppStream-$releasever (IP: 151.101.230.132)
2021-08-17T09:28:58+0000 INFO --- logging initialized ---
2021-08-17T09:28:58+0000 DDEBUG timer: config: 45 ms
2021-08-17T09:28:58+0000 DEBUG YUM version: 4.4.2
2021-08-17T09:28:58+0000 DDEBUG Command: yum --installroot=/root/data install llvm 
2021-08-17T09:28:58+0000 DDEBUG Installroot: /root/data
2021-08-17T09:28:58+0000 DDEBUG Releasever: None
2021-08-17T09:28:58+0000 DEBUG cachedir: /root/data/var/cache/dnf
2021-08-17T09:28:58+0000 DDEBUG Base command: install
2021-08-17T09:28:58+0000 DDEBUG Extra commands: ['--installroot=/root/data', 'install', 'llvm']
2021-08-17T09:28:58+0000 DEBUG User-Agent: constructed: 'libdnf (Rocky Linux 8.4; generic; Linux.x86_64)'
2021-08-17T09:28:58+0000 DEBUG repo: downloading from remote: appstream
2021-08-17T09:28:58+0000 DEBUG error: Status code: 404 for https://mirrors.rockylinux.org/mirrorlist?arch=x86_64&repo=AppStream-$releasever (IP: 151.101.230.132) (https://mirrors.rockylinux.org/mirrorlist?arch=x86_64&repo=AppStream-$releasever).
2021-08-17T09:28:59+0000 DEBUG error: Status code: 404 for https://mirrors.rockylinux.org/mirrorlist?arch=x86_64&repo=AppStream-$releasever (IP: 151.101.230.132) (https://mirrors.rockylinux.org/mirrorlist?arch=x86_64&repo=AppStream-$releasever).
2021-08-17T09:28:59+0000 DEBUG error: Status code: 404 for https://mirrors.rockylinux.org/mirrorlist?arch=x86_64&repo=AppStream-$releasever (IP: 151.101.230.132) (https://mirrors.rockylinux.org/mirrorlist?arch=x86_64&repo=AppStream-$releasever).
2021-08-17T09:28:59+0000 DEBUG error: Status code: 404 for https://mirrors.rockylinux.org/mirrorlist?arch=x86_64&repo=AppStream-$releasever (IP: 151.101.230.132) (https://mirrors.rockylinux.org/mirrorlist?arch=x86_64&repo=AppStream-$releasever).
2021-08-17T09:28:59+0000 DEBUG error: Status code: 404 for https://mirrors.rockylinux.org/mirrorlist?arch=x86_64&repo=AppStream-$releasever (IP: 151.101.230.132) (https://mirrors.rockylinux.org/mirrorlist?arch=x86_64&repo=AppStream-$releasever).
2021-08-17T09:29:00+0000 DEBUG error: Status code: 404 for https://mirrors.rockylinux.org/mirrorlist?arch=x86_64&repo=AppStream-$releasever (IP: 151.101.230.132) (https://mirrors.rockylinux.org/mirrorlist?arch=x86_64&repo=AppStream-$releasever).
2021-08-17T09:29:00+0000 DEBUG error: Status code: 404 for https://mirrors.rockylinux.org/mirrorlist?arch=x86_64&repo=AppStream-$releasever (IP: 151.101.230.132) (https://mirrors.rockylinux.org/mirrorlist?arch=x86_64&repo=AppStream-$releasever).
2021-08-17T09:29:00+0000 DEBUG error: Status code: 404 for https://mirrors.rockylinux.org/mirrorlist?arch=x86_64&repo=AppStream-$releasever (IP: 151.101.230.132) (https://mirrors.rockylinux.org/mirrorlist?arch=x86_64&repo=AppStream-$releasever).
2021-08-17T09:29:01+0000 DEBUG error: Status code: 404 for https://mirrors.rockylinux.org/mirrorlist?arch=x86_64&repo=AppStream-$releasever (IP: 151.101.230.132) (https://mirrors.rockylinux.org/mirrorlist?arch=x86_64&repo=AppStream-$releasever).
2021-08-17T09:29:01+0000 DEBUG error: Status code: 404 for https://mirrors.rockylinux.org/mirrorlist?arch=x86_64&repo=AppStream-$releasever (IP: 151.101.230.132) (https://mirrors.rockylinux.org/mirrorlist?arch=x86_64&repo=AppStream-$releasever).
2021-08-17T09:29:01+0000 DEBUG error: Status code: 404 for https://mirrors.rockylinux.org/mirrorlist?arch=x86_64&repo=AppStream-$releasever (IP: 151.101.230.132) (https://mirrors.rockylinux.org/mirrorlist?arch=x86_64&repo=AppStream-$releasever).
2021-08-17T09:29:01+0000 DEBUG error: Status code: 404 for https://mirrors.rockylinux.org/mirrorlist?arch=x86_64&repo=AppStream-$releasever (IP: 151.101.230.132) (https://mirrors.rockylinux.org/mirrorlist?arch=x86_64&repo=AppStream-$releasever).
2021-08-17T09:29:01+0000 WARNING Errors during downloading metadata for repository 'appstream':
  - Status code: 404 for https://mirrors.rockylinux.org/mirrorlist?arch=x86_64&repo=AppStream-$releasever (IP: 151.101.230.132)
2021-08-17T09:29:01+0000 DDEBUG Cleaning up.
2021-08-17T09:29:01+0000 SUBDEBUG 
Traceback (most recent call last):
  File "/usr/lib/python3.6/site-packages/dnf/repo.py", line 574, in load
    ret = self._repo.load()
  File "/usr/lib64/python3.6/site-packages/libdnf/repo.py", line 397, in load
    return _repo.Repo_load(self)
libdnf._error.Error: Failed to download metadata for repo 'appstream': Cannot prepare internal mirrorlist: Status code: 404 for https://mirrors.rockylinux.org/mirrorlist?arch=x86_64&repo=AppStream-$releasever (IP: 151.101.230.132)

During handling of the above exception, another exception occurred:

Traceback (most recent call last):
  File "/usr/lib/python3.6/site-packages/dnf/cli/main.py", line 67, in main
    return _main(base, args, cli_class, option_parser_class)
  File "/usr/lib/python3.6/site-packages/dnf/cli/main.py", line 106, in _main
    return cli_run(cli, base)
  File "/usr/lib/python3.6/site-packages/dnf/cli/main.py", line 122, in cli_run
    cli.run()
  File "/usr/lib/python3.6/site-packages/dnf/cli/cli.py", line 1050, in run
    self._process_demands()
  File "/usr/lib/python3.6/site-packages/dnf/cli/cli.py", line 740, in _process_demands
    load_available_repos=self.demands.available_repos)
  File "/usr/lib/python3.6/site-packages/dnf/base.py", line 394, in fill_sack
    self._add_repo_to_sack(r)
  File "/usr/lib/python3.6/site-packages/dnf/base.py", line 137, in _add_repo_to_sack
    repo.load()
  File "/usr/lib/python3.6/site-packages/dnf/repo.py", line 581, in load
    raise dnf.exceptions.RepoError(str(e))
dnf.exceptions.RepoError: Failed to download metadata for repo 'appstream': Cannot prepare internal mirrorlist: Status code: 404 for https://mirrors.rockylinux.org/mirrorlist?arch=x86_64&repo=AppStream-$releasever (IP: 151.101.230.132)
2021-08-17T09:29:01+0000 CRITICAL Error: Failed to download metadata for repo 'appstream': Cannot prepare internal mirrorlist: Status code: 404 for https://mirrors.rockylinux.org/mirrorlist?arch=x86_64&repo=AppStream-$releasever (IP: 151.101.230.132)
2021-08-17T09:58:08+0000 INFO --- logging initialized ---
2021-08-17T09:58:08+0000 DDEBUG timer: config: 144 ms
2021-08-17T09:58:08+0000 DEBUG Loaded plugins: builddep, changelog, config-manager, copr, debug, debuginfo-install, download, generate_completion_cache, groups-manager, needs-restarting, playground, repoclosure, repodiff, repograph, repomanage, reposync
2021-08-17T09:58:08+0000 DEBUG YUM version: 4.4.2
2021-08-17T09:58:08+0000 DDEBUG Command: yum --installroot=/root/data install llvm-toolset.x86_64 
2021-08-17T09:58:08+0000 DDEBUG Installroot: /root/data
2021-08-17T09:58:08+0000 DDEBUG Releasever: None
2021-08-17T09:58:08+0000 DEBUG cachedir: /root/data/var/cache/dnf
2021-08-17T09:58:08+0000 DDEBUG Base command: install
2021-08-17T09:58:08+0000 DDEBUG Extra commands: ['--installroot=/root/data', 'install', 'llvm-toolset.x86_64']
2021-08-17T09:58:08+0000 DEBUG User-Agent: constructed: 'libdnf (Rocky Linux 8.4; generic; Linux.x86_64)'
2021-08-17T09:58:08+0000 DEBUG repo: downloading from remote: appstream
2021-08-17T09:58:09+0000 DEBUG error: Status code: 404 for https://mirrors.rockylinux.org/mirrorlist?arch=x86_64&repo=AppStream-$releasever (IP: 151.101.74.132) (https://mirrors.rockylinux.org/mirrorlist?arch=x86_64&repo=AppStream-$releasever).
2021-08-17T09:58:10+0000 DEBUG error: Status code: 404 for https://mirrors.rockylinux.org/mirrorlist?arch=x86_64&repo=AppStream-$releasever (IP: 151.101.74.132) (https://mirrors.rockylinux.org/mirrorlist?arch=x86_64&repo=AppStream-$releasever).
2021-08-17T09:58:10+0000 DEBUG error: Status code: 404 for https://mirrors.rockylinux.org/mirrorlist?arch=x86_64&repo=AppStream-$releasever (IP: 151.101.74.132) (https://mirrors.rockylinux.org/mirrorlist?arch=x86_64&repo=AppStream-$releasever).
2021-08-17T09:58:10+0000 DEBUG error: Status code: 404 for https://mirrors.rockylinux.org/mirrorlist?arch=x86_64&repo=AppStream-$releasever (IP: 151.101.74.132) (https://mirrors.rockylinux.org/mirrorlist?arch=x86_64&repo=AppStream-$releasever).
2021-08-17T09:58:11+0000 DEBUG error: Status code: 404 for https://mirrors.rockylinux.org/mirrorlist?arch=x86_64&repo=AppStream-$releasever (IP: 151.101.74.132) (https://mirrors.rockylinux.org/mirrorlist?arch=x86_64&repo=AppStream-$releasever).
2021-08-17T09:58:11+0000 DEBUG error: Status code: 404 for https://mirrors.rockylinux.org/mirrorlist?arch=x86_64&repo=AppStream-$releasever (IP: 151.101.74.132) (https://mirrors.rockylinux.org/mirrorlist?arch=x86_64&repo=AppStream-$releasever).
2021-08-17T09:58:11+0000 DEBUG error: Status code: 404 for https://mirrors.rockylinux.org/mirrorlist?arch=x86_64&repo=AppStream-$releasever (IP: 151.101.74.132) (https://mirrors.rockylinux.org/mirrorlist?arch=x86_64&repo=AppStream-$releasever).
2021-08-17T09:58:11+0000 DEBUG error: Status code: 404 for https://mirrors.rockylinux.org/mirrorlist?arch=x86_64&repo=AppStream-$releasever (IP: 151.101.74.132) (https://mirrors.rockylinux.org/mirrorlist?arch=x86_64&repo=AppStream-$releasever).
2021-08-17T09:58:12+0000 DEBUG error: Status code: 404 for https://mirrors.rockylinux.org/mirrorlist?arch=x86_64&repo=AppStream-$releasever (IP: 151.101.74.132) (https://mirrors.rockylinux.org/mirrorlist?arch=x86_64&repo=AppStream-$releasever).
2021-08-17T09:58:12+0000 DEBUG error: Status code: 404 for https://mirrors.rockylinux.org/mirrorlist?arch=x86_64&repo=AppStream-$releasever (IP: 151.101.74.132) (https://mirrors.rockylinux.org/mirrorlist?arch=x86_64&repo=AppStream-$releasever).
2021-08-17T09:58:12+0000 DEBUG error: Status code: 404 for https://mirrors.rockylinux.org/mirrorlist?arch=x86_64&repo=AppStream-$releasever (IP: 151.101.74.132) (https://mirrors.rockylinux.org/mirrorlist?arch=x86_64&repo=AppStream-$releasever).
2021-08-17T09:58:13+0000 DEBUG error: Status code: 404 for https://mirrors.rockylinux.org/mirrorlist?arch=x86_64&repo=AppStream-$releasever (IP: 151.101.74.132) (https://mirrors.rockylinux.org/mirrorlist?arch=x86_64&repo=AppStream-$releasever).
2021-08-17T09:58:13+0000 WARNING Errors during downloading metadata for repository 'appstream':
  - Status code: 404 for https://mirrors.rockylinux.org/mirrorlist?arch=x86_64&repo=AppStream-$releasever (IP: 151.101.74.132)
2021-08-17T09:58:13+0000 DDEBUG Cleaning up.
2021-08-17T09:58:13+0000 SUBDEBUG 
Traceback (most recent call last):
  File "/usr/lib/python3.6/site-packages/dnf/repo.py", line 574, in load
    ret = self._repo.load()
  File "/usr/lib64/python3.6/site-packages/libdnf/repo.py", line 397, in load
    return _repo.Repo_load(self)
libdnf._error.Error: Failed to download metadata for repo 'appstream': Cannot prepare internal mirrorlist: Status code: 404 for https://mirrors.rockylinux.org/mirrorlist?arch=x86_64&repo=AppStream-$releasever (IP: 151.101.74.132)

During handling of the above exception, another exception occurred:

Traceback (most recent call last):
  File "/usr/lib/python3.6/site-packages/dnf/cli/main.py", line 67, in main
    return _main(base, args, cli_class, option_parser_class)
  File "/usr/lib/python3.6/site-packages/dnf/cli/main.py", line 106, in _main
    return cli_run(cli, base)
  File "/usr/lib/python3.6/site-packages/dnf/cli/main.py", line 122, in cli_run
    cli.run()
  File "/usr/lib/python3.6/site-packages/dnf/cli/cli.py", line 1050, in run
    self._process_demands()
  File "/usr/lib/python3.6/site-packages/dnf/cli/cli.py", line 740, in _process_demands
    load_available_repos=self.demands.available_repos)
  File "/usr/lib/python3.6/site-packages/dnf/base.py", line 394, in fill_sack
    self._add_repo_to_sack(r)
  File "/usr/lib/python3.6/site-packages/dnf/base.py", line 137, in _add_repo_to_sack
    repo.load()
  File "/usr/lib/python3.6/site-packages/dnf/repo.py", line 581, in load
    raise dnf.exceptions.RepoError(str(e))
dnf.exceptions.RepoError: Failed to download metadata for repo 'appstream': Cannot prepare internal mirrorlist: Status code: 404 for https://mirrors.rockylinux.org/mirrorlist?arch=x86_64&repo=AppStream-$releasever (IP: 151.101.74.132)
2021-08-17T09:58:13+0000 CRITICAL Error: Failed to download metadata for repo 'appstream': Cannot prepare internal mirrorlist: Status code: 404 for https://mirrors.rockylinux.org/mirrorlist?arch=x86_64&repo=AppStream-$releasever (IP: 151.101.74.132)
2021-08-17T10:00:26+0000 INFO --- logging initialized ---
2021-08-17T10:00:26+0000 DDEBUG timer: config: 61 ms
2021-08-17T10:00:26+0000 DEBUG Loaded plugins: builddep, changelog, config-manager, copr, debug, debuginfo-install, download, generate_completion_cache, groups-manager, needs-restarting, playground, repoclosure, repodiff, repograph, repomanage, reposync
2021-08-17T10:00:26+0000 DEBUG YUM version: 4.4.2
2021-08-17T10:00:26+0000 DDEBUG Command: yum --installroot=/root/data install clang.x86_64 
2021-08-17T10:00:26+0000 DDEBUG Installroot: /root/data
2021-08-17T10:00:26+0000 DDEBUG Releasever: None
2021-08-17T10:00:26+0000 DEBUG cachedir: /root/data/var/cache/dnf
2021-08-17T10:00:26+0000 DDEBUG Base command: install
2021-08-17T10:00:26+0000 DDEBUG Extra commands: ['--installroot=/root/data', 'install', 'clang.x86_64']
2021-08-17T10:00:26+0000 DEBUG User-Agent: constructed: 'libdnf (Rocky Linux 8.4; generic; Linux.x86_64)'
2021-08-17T10:00:26+0000 DEBUG repo: downloading from remote: appstream
2021-08-17T10:00:27+0000 DEBUG error: Status code: 404 for https://mirrors.rockylinux.org/mirrorlist?arch=x86_64&repo=AppStream-$releasever (IP: 151.101.110.132) (https://mirrors.rockylinux.org/mirrorlist?arch=x86_64&repo=AppStream-$releasever).
2021-08-17T10:00:27+0000 DEBUG error: Status code: 404 for https://mirrors.rockylinux.org/mirrorlist?arch=x86_64&repo=AppStream-$releasever (IP: 151.101.110.132) (https://mirrors.rockylinux.org/mirrorlist?arch=x86_64&repo=AppStream-$releasever).
2021-08-17T10:00:27+0000 DEBUG error: Status code: 404 for https://mirrors.rockylinux.org/mirrorlist?arch=x86_64&repo=AppStream-$releasever (IP: 151.101.110.132) (https://mirrors.rockylinux.org/mirrorlist?arch=x86_64&repo=AppStream-$releasever).
2021-08-17T10:00:28+0000 DEBUG error: Status code: 404 for https://mirrors.rockylinux.org/mirrorlist?arch=x86_64&repo=AppStream-$releasever (IP: 151.101.110.132) (https://mirrors.rockylinux.org/mirrorlist?arch=x86_64&repo=AppStream-$releasever).
2021-08-17T10:00:28+0000 DEBUG error: Status code: 404 for https://mirrors.rockylinux.org/mirrorlist?arch=x86_64&repo=AppStream-$releasever (IP: 151.101.110.132) (https://mirrors.rockylinux.org/mirrorlist?arch=x86_64&repo=AppStream-$releasever).
2021-08-17T10:00:28+0000 DEBUG error: Status code: 404 for https://mirrors.rockylinux.org/mirrorlist?arch=x86_64&repo=AppStream-$releasever (IP: 151.101.110.132) (https://mirrors.rockylinux.org/mirrorlist?arch=x86_64&repo=AppStream-$releasever).
2021-08-17T10:00:28+0000 DEBUG error: Status code: 404 for https://mirrors.rockylinux.org/mirrorlist?arch=x86_64&repo=AppStream-$releasever (IP: 151.101.110.132) (https://mirrors.rockylinux.org/mirrorlist?arch=x86_64&repo=AppStream-$releasever).
2021-08-17T10:00:29+0000 DEBUG error: Status code: 404 for https://mirrors.rockylinux.org/mirrorlist?arch=x86_64&repo=AppStream-$releasever (IP: 151.101.110.132) (https://mirrors.rockylinux.org/mirrorlist?arch=x86_64&repo=AppStream-$releasever).
2021-08-17T10:00:29+0000 DEBUG error: Status code: 404 for https://mirrors.rockylinux.org/mirrorlist?arch=x86_64&repo=AppStream-$releasever (IP: 151.101.110.132) (https://mirrors.rockylinux.org/mirrorlist?arch=x86_64&repo=AppStream-$releasever).
2021-08-17T10:00:29+0000 DEBUG error: Status code: 404 for https://mirrors.rockylinux.org/mirrorlist?arch=x86_64&repo=AppStream-$releasever (IP: 151.101.110.132) (https://mirrors.rockylinux.org/mirrorlist?arch=x86_64&repo=AppStream-$releasever).
2021-08-17T10:00:30+0000 DEBUG error: Status code: 404 for https://mirrors.rockylinux.org/mirrorlist?arch=x86_64&repo=AppStream-$releasever (IP: 151.101.110.132) (https://mirrors.rockylinux.org/mirrorlist?arch=x86_64&repo=AppStream-$releasever).
2021-08-17T10:00:30+0000 DEBUG error: Status code: 404 for https://mirrors.rockylinux.org/mirrorlist?arch=x86_64&repo=AppStream-$releasever (IP: 151.101.110.132) (https://mirrors.rockylinux.org/mirrorlist?arch=x86_64&repo=AppStream-$releasever).
2021-08-17T10:00:30+0000 WARNING Errors during downloading metadata for repository 'appstream':
  - Status code: 404 for https://mirrors.rockylinux.org/mirrorlist?arch=x86_64&repo=AppStream-$releasever (IP: 151.101.110.132)
2021-08-17T10:00:30+0000 DDEBUG Cleaning up.
2021-08-17T10:00:30+0000 SUBDEBUG 
Traceback (most recent call last):
  File "/usr/lib/python3.6/site-packages/dnf/repo.py", line 574, in load
    ret = self._repo.load()
  File "/usr/lib64/python3.6/site-packages/libdnf/repo.py", line 397, in load
    return _repo.Repo_load(self)
libdnf._error.Error: Failed to download metadata for repo 'appstream': Cannot prepare internal mirrorlist: Status code: 404 for https://mirrors.rockylinux.org/mirrorlist?arch=x86_64&repo=AppStream-$releasever (IP: 151.101.110.132)

During handling of the above exception, another exception occurred:

Traceback (most recent call last):
  File "/usr/lib/python3.6/site-packages/dnf/cli/main.py", line 67, in main
    return _main(base, args, cli_class, option_parser_class)
  File "/usr/lib/python3.6/site-packages/dnf/cli/main.py", line 106, in _main
    return cli_run(cli, base)
  File "/usr/lib/python3.6/site-packages/dnf/cli/main.py", line 122, in cli_run
    cli.run()
  File "/usr/lib/python3.6/site-packages/dnf/cli/cli.py", line 1050, in run
    self._process_demands()
  File "/usr/lib/python3.6/site-packages/dnf/cli/cli.py", line 740, in _process_demands
    load_available_repos=self.demands.available_repos)
  File "/usr/lib/python3.6/site-packages/dnf/base.py", line 394, in fill_sack
    self._add_repo_to_sack(r)
  File "/usr/lib/python3.6/site-packages/dnf/base.py", line 137, in _add_repo_to_sack
    repo.load()
  File "/usr/lib/python3.6/site-packages/dnf/repo.py", line 581, in load
    raise dnf.exceptions.RepoError(str(e))
dnf.exceptions.RepoError: Failed to download metadata for repo 'appstream': Cannot prepare internal mirrorlist: Status code: 404 for https://mirrors.rockylinux.org/mirrorlist?arch=x86_64&repo=AppStream-$releasever (IP: 151.101.110.132)
2021-08-17T10:00:30+0000 CRITICAL Error: Failed to download metadata for repo 'appstream': Cannot prepare internal mirrorlist: Status code: 404 for https://mirrors.rockylinux.org/mirrorlist?arch=x86_64&repo=AppStream-$releasever (IP: 151.101.110.132)
2021-08-18T07:33:20+0000 INFO --- logging initialized ---
2021-08-18T07:33:20+0000 DDEBUG timer: config: 58 ms
2021-08-18T07:33:20+0000 DEBUG Loaded plugins: builddep, changelog, config-manager, copr, debug, debuginfo-install, download, generate_completion_cache, groups-manager, needs-restarting, playground, repoclosure, repodiff, repograph, repomanage, reposync
2021-08-18T07:33:20+0000 DEBUG YUM version: 4.4.2
2021-08-18T07:33:20+0000 DDEBUG Command: yum --installroot=/root/data/ install zsh 
2021-08-18T07:33:20+0000 DDEBUG Installroot: /root/data/
2021-08-18T07:33:20+0000 DDEBUG Releasever: None
2021-08-18T07:33:20+0000 DEBUG cachedir: /root/data/var/cache/dnf
2021-08-18T07:33:20+0000 DDEBUG Base command: install
2021-08-18T07:33:20+0000 DDEBUG Extra commands: ['--installroot=/root/data/', 'install', 'zsh']
2021-08-18T07:33:20+0000 DEBUG User-Agent: constructed: 'libdnf (Rocky Linux 8.4; generic; Linux.x86_64)'
2021-08-18T07:33:21+0000 DEBUG repo: downloading from remote: appstream
2021-08-18T07:33:22+0000 DEBUG error: Status code: 404 for https://mirrors.rockylinux.org/mirrorlist?arch=x86_64&repo=AppStream-$releasever (IP: 151.101.230.132) (https://mirrors.rockylinux.org/mirrorlist?arch=x86_64&repo=AppStream-$releasever).
2021-08-18T07:33:22+0000 DEBUG error: Status code: 404 for https://mirrors.rockylinux.org/mirrorlist?arch=x86_64&repo=AppStream-$releasever (IP: 151.101.230.132) (https://mirrors.rockylinux.org/mirrorlist?arch=x86_64&repo=AppStream-$releasever).
2021-08-18T07:33:22+0000 DEBUG error: Status code: 404 for https://mirrors.rockylinux.org/mirrorlist?arch=x86_64&repo=AppStream-$releasever (IP: 151.101.230.132) (https://mirrors.rockylinux.org/mirrorlist?arch=x86_64&repo=AppStream-$releasever).
2021-08-18T07:33:22+0000 DEBUG error: Status code: 404 for https://mirrors.rockylinux.org/mirrorlist?arch=x86_64&repo=AppStream-$releasever (IP: 151.101.230.132) (https://mirrors.rockylinux.org/mirrorlist?arch=x86_64&repo=AppStream-$releasever).
2021-08-18T07:33:23+0000 DEBUG error: Status code: 404 for https://mirrors.rockylinux.org/mirrorlist?arch=x86_64&repo=AppStream-$releasever (IP: 151.101.230.132) (https://mirrors.rockylinux.org/mirrorlist?arch=x86_64&repo=AppStream-$releasever).
2021-08-18T07:33:23+0000 DEBUG error: Status code: 404 for https://mirrors.rockylinux.org/mirrorlist?arch=x86_64&repo=AppStream-$releasever (IP: 151.101.230.132) (https://mirrors.rockylinux.org/mirrorlist?arch=x86_64&repo=AppStream-$releasever).
2021-08-18T07:33:23+0000 DEBUG error: Status code: 404 for https://mirrors.rockylinux.org/mirrorlist?arch=x86_64&repo=AppStream-$releasever (IP: 151.101.230.132) (https://mirrors.rockylinux.org/mirrorlist?arch=x86_64&repo=AppStream-$releasever).
2021-08-18T07:33:23+0000 DEBUG error: Status code: 404 for https://mirrors.rockylinux.org/mirrorlist?arch=x86_64&repo=AppStream-$releasever (IP: 151.101.230.132) (https://mirrors.rockylinux.org/mirrorlist?arch=x86_64&repo=AppStream-$releasever).
2021-08-18T07:33:24+0000 DEBUG error: Status code: 404 for https://mirrors.rockylinux.org/mirrorlist?arch=x86_64&repo=AppStream-$releasever (IP: 151.101.230.132) (https://mirrors.rockylinux.org/mirrorlist?arch=x86_64&repo=AppStream-$releasever).
2021-08-18T07:33:24+0000 DEBUG error: Status code: 404 for https://mirrors.rockylinux.org/mirrorlist?arch=x86_64&repo=AppStream-$releasever (IP: 151.101.230.132) (https://mirrors.rockylinux.org/mirrorlist?arch=x86_64&repo=AppStream-$releasever).
2021-08-18T07:33:24+0000 DEBUG error: Status code: 404 for https://mirrors.rockylinux.org/mirrorlist?arch=x86_64&repo=AppStream-$releasever (IP: 151.101.230.132) (https://mirrors.rockylinux.org/mirrorlist?arch=x86_64&repo=AppStream-$releasever).
2021-08-18T07:33:25+0000 DEBUG error: Status code: 404 for https://mirrors.rockylinux.org/mirrorlist?arch=x86_64&repo=AppStream-$releasever (IP: 151.101.230.132) (https://mirrors.rockylinux.org/mirrorlist?arch=x86_64&repo=AppStream-$releasever).
2021-08-18T07:33:25+0000 WARNING Errors during downloading metadata for repository 'appstream':
  - Status code: 404 for https://mirrors.rockylinux.org/mirrorlist?arch=x86_64&repo=AppStream-$releasever (IP: 151.101.230.132)
2021-08-18T07:33:25+0000 DDEBUG Cleaning up.
2021-08-18T07:33:25+0000 SUBDEBUG 
Traceback (most recent call last):
  File "/usr/lib/python3.6/site-packages/dnf/repo.py", line 574, in load
    ret = self._repo.load()
  File "/usr/lib64/python3.6/site-packages/libdnf/repo.py", line 397, in load
    return _repo.Repo_load(self)
libdnf._error.Error: Failed to download metadata for repo 'appstream': Cannot prepare internal mirrorlist: Status code: 404 for https://mirrors.rockylinux.org/mirrorlist?arch=x86_64&repo=AppStream-$releasever (IP: 151.101.230.132)

During handling of the above exception, another exception occurred:

Traceback (most recent call last):
  File "/usr/lib/python3.6/site-packages/dnf/cli/main.py", line 67, in main
    return _main(base, args, cli_class, option_parser_class)
  File "/usr/lib/python3.6/site-packages/dnf/cli/main.py", line 106, in _main
    return cli_run(cli, base)
  File "/usr/lib/python3.6/site-packages/dnf/cli/main.py", line 122, in cli_run
    cli.run()
  File "/usr/lib/python3.6/site-packages/dnf/cli/cli.py", line 1050, in run
    self._process_demands()
  File "/usr/lib/python3.6/site-packages/dnf/cli/cli.py", line 740, in _process_demands
    load_available_repos=self.demands.available_repos)
  File "/usr/lib/python3.6/site-packages/dnf/base.py", line 394, in fill_sack
    self._add_repo_to_sack(r)
  File "/usr/lib/python3.6/site-packages/dnf/base.py", line 137, in _add_repo_to_sack
    repo.load()
  File "/usr/lib/python3.6/site-packages/dnf/repo.py", line 581, in load
    raise dnf.exceptions.RepoError(str(e))
dnf.exceptions.RepoError: Failed to download metadata for repo 'appstream': Cannot prepare internal mirrorlist: Status code: 404 for https://mirrors.rockylinux.org/mirrorlist?arch=x86_64&repo=AppStream-$releasever (IP: 151.101.230.132)
2021-08-18T07:33:25+0000 CRITICAL Error: Failed to download metadata for repo 'appstream': Cannot prepare internal mirrorlist: Status code: 404 for https://mirrors.rockylinux.org/mirrorlist?arch=x86_64&repo=AppStream-$releasever (IP: 151.101.230.132)
2021-08-18T07:34:25+0000 INFO --- logging initialized ---
2021-08-18T07:34:25+0000 DDEBUG timer: config: 66 ms
2021-08-18T07:34:25+0000 DEBUG Loaded plugins: builddep, changelog, config-manager, copr, debug, debuginfo-install, download, generate_completion_cache, groups-manager, needs-restarting, playground, repoclosure, repodiff, repograph, repomanage, reposync
2021-08-18T07:34:25+0000 DEBUG YUM version: 4.4.2
2021-08-18T07:34:25+0000 DDEBUG Command: yum --installroot=/root/data/ install zsh 
2021-08-18T07:34:25+0000 DDEBUG Installroot: /root/data/
2021-08-18T07:34:25+0000 DDEBUG Releasever: None
2021-08-18T07:34:25+0000 DEBUG cachedir: /root/data/var/cache/dnf
2021-08-18T07:34:25+0000 DDEBUG Base command: install
2021-08-18T07:34:25+0000 DDEBUG Extra commands: ['--installroot=/root/data/', 'install', 'zsh']
2021-08-18T07:34:25+0000 DEBUG User-Agent: constructed: 'libdnf (Rocky Linux 8.4; generic; Linux.x86_64)'
2021-08-18T07:34:25+0000 DEBUG repo: downloading from remote: appstream
2021-08-18T07:34:25+0000 DEBUG error: Status code: 404 for https://mirrors.rockylinux.org/mirrorlist?arch=x86_64&repo=AppStream-$releasever (IP: 151.101.230.132) (https://mirrors.rockylinux.org/mirrorlist?arch=x86_64&repo=AppStream-$releasever).
2021-08-18T07:34:26+0000 DEBUG error: Status code: 404 for https://mirrors.rockylinux.org/mirrorlist?arch=x86_64&repo=AppStream-$releasever (IP: 151.101.230.132) (https://mirrors.rockylinux.org/mirrorlist?arch=x86_64&repo=AppStream-$releasever).
2021-08-18T07:34:26+0000 DEBUG error: Status code: 404 for https://mirrors.rockylinux.org/mirrorlist?arch=x86_64&repo=AppStream-$releasever (IP: 151.101.230.132) (https://mirrors.rockylinux.org/mirrorlist?arch=x86_64&repo=AppStream-$releasever).
2021-08-18T07:34:26+0000 DEBUG error: Status code: 404 for https://mirrors.rockylinux.org/mirrorlist?arch=x86_64&repo=AppStream-$releasever (IP: 151.101.230.132) (https://mirrors.rockylinux.org/mirrorlist?arch=x86_64&repo=AppStream-$releasever).
2021-08-18T07:34:27+0000 DEBUG error: Status code: 404 for https://mirrors.rockylinux.org/mirrorlist?arch=x86_64&repo=AppStream-$releasever (IP: 151.101.230.132) (https://mirrors.rockylinux.org/mirrorlist?arch=x86_64&repo=AppStream-$releasever).
2021-08-18T07:34:27+0000 DEBUG error: Status code: 404 for https://mirrors.rockylinux.org/mirrorlist?arch=x86_64&repo=AppStream-$releasever (IP: 151.101.230.132) (https://mirrors.rockylinux.org/mirrorlist?arch=x86_64&repo=AppStream-$releasever).
2021-08-18T07:34:28+0000 DEBUG error: Status code: 404 for https://mirrors.rockylinux.org/mirrorlist?arch=x86_64&repo=AppStream-$releasever (IP: 151.101.230.132) (https://mirrors.rockylinux.org/mirrorlist?arch=x86_64&repo=AppStream-$releasever).
2021-08-18T07:34:28+0000 DEBUG error: Status code: 404 for https://mirrors.rockylinux.org/mirrorlist?arch=x86_64&repo=AppStream-$releasever (IP: 151.101.230.132) (https://mirrors.rockylinux.org/mirrorlist?arch=x86_64&repo=AppStream-$releasever).
2021-08-18T07:34:28+0000 DEBUG error: Status code: 404 for https://mirrors.rockylinux.org/mirrorlist?arch=x86_64&repo=AppStream-$releasever (IP: 151.101.230.132) (https://mirrors.rockylinux.org/mirrorlist?arch=x86_64&repo=AppStream-$releasever).
2021-08-18T07:34:28+0000 DEBUG error: Status code: 404 for https://mirrors.rockylinux.org/mirrorlist?arch=x86_64&repo=AppStream-$releasever (IP: 151.101.230.132) (https://mirrors.rockylinux.org/mirrorlist?arch=x86_64&repo=AppStream-$releasever).
2021-08-18T07:34:29+0000 DEBUG error: Status code: 404 for https://mirrors.rockylinux.org/mirrorlist?arch=x86_64&repo=AppStream-$releasever (IP: 151.101.230.132) (https://mirrors.rockylinux.org/mirrorlist?arch=x86_64&repo=AppStream-$releasever).
2021-08-18T07:34:29+0000 DEBUG error: Status code: 404 for https://mirrors.rockylinux.org/mirrorlist?arch=x86_64&repo=AppStream-$releasever (IP: 151.101.230.132) (https://mirrors.rockylinux.org/mirrorlist?arch=x86_64&repo=AppStream-$releasever).
2021-08-18T07:34:29+0000 WARNING Errors during downloading metadata for repository 'appstream':
  - Status code: 404 for https://mirrors.rockylinux.org/mirrorlist?arch=x86_64&repo=AppStream-$releasever (IP: 151.101.230.132)
2021-08-18T07:34:29+0000 DDEBUG Cleaning up.
2021-08-18T07:34:29+0000 SUBDEBUG 
Traceback (most recent call last):
  File "/usr/lib/python3.6/site-packages/dnf/repo.py", line 574, in load
    ret = self._repo.load()
  File "/usr/lib64/python3.6/site-packages/libdnf/repo.py", line 397, in load
    return _repo.Repo_load(self)
libdnf._error.Error: Failed to download metadata for repo 'appstream': Cannot prepare internal mirrorlist: Status code: 404 for https://mirrors.rockylinux.org/mirrorlist?arch=x86_64&repo=AppStream-$releasever (IP: 151.101.230.132)

During handling of the above exception, another exception occurred:

Traceback (most recent call last):
  File "/usr/lib/python3.6/site-packages/dnf/cli/main.py", line 67, in main
    return _main(base, args, cli_class, option_parser_class)
  File "/usr/lib/python3.6/site-packages/dnf/cli/main.py", line 106, in _main
    return cli_run(cli, base)
  File "/usr/lib/python3.6/site-packages/dnf/cli/main.py", line 122, in cli_run
    cli.run()
  File "/usr/lib/python3.6/site-packages/dnf/cli/cli.py", line 1050, in run
    self._process_demands()
  File "/usr/lib/python3.6/site-packages/dnf/cli/cli.py", line 740, in _process_demands
    load_available_repos=self.demands.available_repos)
  File "/usr/lib/python3.6/site-packages/dnf/base.py", line 394, in fill_sack
    self._add_repo_to_sack(r)
  File "/usr/lib/python3.6/site-packages/dnf/base.py", line 137, in _add_repo_to_sack
    repo.load()
  File "/usr/lib/python3.6/site-packages/dnf/repo.py", line 581, in load
    raise dnf.exceptions.RepoError(str(e))
dnf.exceptions.RepoError: Failed to download metadata for repo 'appstream': Cannot prepare internal mirrorlist: Status code: 404 for https://mirrors.rockylinux.org/mirrorlist?arch=x86_64&repo=AppStream-$releasever (IP: 151.101.230.132)
2021-08-18T07:34:29+0000 CRITICAL Error: Failed to download metadata for repo 'appstream': Cannot prepare internal mirrorlist: Status code: 404 for https://mirrors.rockylinux.org/mirrorlist?arch=x86_64&repo=AppStream-$releasever (IP: 151.101.230.132)
